{
  "stats": {
    "suites": 1,
    "tests": 14,
    "passes": 13,
    "pending": 0,
    "failures": 1,
    "start": "2025-10-25T11:48:17.656Z",
    "end": "2025-10-25T11:48:22.035Z",
    "duration": 4379,
    "testsRegistered": 14,
    "passPercent": 92.9,
    "pendingPercent": 0,
    "other": 0,
    "hasOther": false,
    "skipped": 0,
    "hasSkipped": false,
    "passPercentClass": "success",
    "pendingPercentClass": "danger"
  },
  "suites": {
    "title": "",
    "suites": [
      {
        "title": "Tests API Revers.io",
        "suites": [],
        "tests": [
          {
            "title": "Teste l'API de retours",
            "fullTitle": "Tests API Revers.io Teste l'API de retours",
            "duration": 207,
            "state": "passed",
            "speed": "fast",
            "pass": true,
            "fail": false,
            "pending": false,
            "code": "basePage.makeApiRequest(endpoint.method, endpoint.url).then(response => {\n  expect(response.status).to.be.oneOf([200, 201, 404]);\n  cy.log(`Statut API ${endpoint.name}: ${response.status}`);\n});",
            "err": {},
            "isRoot": false,
            "uuid": "963b56dd-7f39-43a3-99c6-d6f0e73c6a8d",
            "parentUUID": "6601ef3c-f7dc-44b1-847a-45879c8e36b3",
            "skipped": false
          },
          {
            "title": "Teste l'API de commandes",
            "fullTitle": "Tests API Revers.io Teste l'API de commandes",
            "duration": 132,
            "state": "passed",
            "speed": "fast",
            "pass": true,
            "fail": false,
            "pending": false,
            "code": "basePage.makeApiRequest(endpoint.method, endpoint.url).then(response => {\n  expect(response.status).to.be.oneOf([200, 201, 404]);\n  cy.log(`Statut API ${endpoint.name}: ${response.status}`);\n});",
            "err": {},
            "isRoot": false,
            "uuid": "d978d262-f37b-48f8-9496-835a88cf63eb",
            "parentUUID": "6601ef3c-f7dc-44b1-847a-45879c8e36b3",
            "skipped": false
          },
          {
            "title": "Teste l'API de transport",
            "fullTitle": "Tests API Revers.io Teste l'API de transport",
            "duration": 102,
            "state": "passed",
            "speed": "fast",
            "pass": true,
            "fail": false,
            "pending": false,
            "code": "basePage.makeApiRequest(endpoint.method, endpoint.url).then(response => {\n  expect(response.status).to.be.oneOf([200, 201, 404]);\n  cy.log(`Statut API ${endpoint.name}: ${response.status}`);\n});",
            "err": {},
            "isRoot": false,
            "uuid": "6f38859b-b48d-4927-a4ca-9a99499dac88",
            "parentUUID": "6601ef3c-f7dc-44b1-847a-45879c8e36b3",
            "skipped": false
          },
          {
            "title": "Teste l'API de réparations",
            "fullTitle": "Tests API Revers.io Teste l'API de réparations",
            "duration": 106,
            "state": "passed",
            "speed": "fast",
            "pass": true,
            "fail": false,
            "pending": false,
            "code": "basePage.makeApiRequest(endpoint.method, endpoint.url).then(response => {\n  expect(response.status).to.be.oneOf([200, 201, 404]);\n  cy.log(`Statut API ${endpoint.name}: ${response.status}`);\n});",
            "err": {},
            "isRoot": false,
            "uuid": "f36c0988-3257-4195-b741-998434102207",
            "parentUUID": "6601ef3c-f7dc-44b1-847a-45879c8e36b3",
            "skipped": false
          },
          {
            "title": "Teste l'API de suivi",
            "fullTitle": "Tests API Revers.io Teste l'API de suivi",
            "duration": 89,
            "state": "passed",
            "speed": "fast",
            "pass": true,
            "fail": false,
            "pending": false,
            "code": "basePage.makeApiRequest(endpoint.method, endpoint.url).then(response => {\n  expect(response.status).to.be.oneOf([200, 201, 404]);\n  cy.log(`Statut API ${endpoint.name}: ${response.status}`);\n});",
            "err": {},
            "isRoot": false,
            "uuid": "d512a89d-445b-4992-b75c-568c658a56c8",
            "parentUUID": "6601ef3c-f7dc-44b1-847a-45879c8e36b3",
            "skipped": false
          },
          {
            "title": "Teste l'API de clients",
            "fullTitle": "Tests API Revers.io Teste l'API de clients",
            "duration": 113,
            "state": "passed",
            "speed": "fast",
            "pass": true,
            "fail": false,
            "pending": false,
            "code": "basePage.makeApiRequest(endpoint.method, endpoint.url).then(response => {\n  expect(response.status).to.be.oneOf([200, 201, 404]);\n  cy.log(`Statut API ${endpoint.name}: ${response.status}`);\n});",
            "err": {},
            "isRoot": false,
            "uuid": "f4baa961-b6a1-4812-a84e-bbdc1f22f62b",
            "parentUUID": "6601ef3c-f7dc-44b1-847a-45879c8e36b3",
            "skipped": false
          },
          {
            "title": "Teste l'API de rapports",
            "fullTitle": "Tests API Revers.io Teste l'API de rapports",
            "duration": 98,
            "state": "passed",
            "speed": "fast",
            "pass": true,
            "fail": false,
            "pending": false,
            "code": "basePage.makeApiRequest(endpoint.method, endpoint.url).then(response => {\n  expect(response.status).to.be.oneOf([200, 201, 404]);\n  cy.log(`Statut API ${endpoint.name}: ${response.status}`);\n});",
            "err": {},
            "isRoot": false,
            "uuid": "8fac0f55-acf1-40ac-b8ac-8b00a293357c",
            "parentUUID": "6601ef3c-f7dc-44b1-847a-45879c8e36b3",
            "skipped": false
          },
          {
            "title": "Teste l'API de partenaires",
            "fullTitle": "Tests API Revers.io Teste l'API de partenaires",
            "duration": 317,
            "state": "passed",
            "speed": "fast",
            "pass": true,
            "fail": false,
            "pending": false,
            "code": "basePage.makeApiRequest(endpoint.method, endpoint.url).then(response => {\n  expect(response.status).to.be.oneOf([200, 201, 404]);\n  cy.log(`Statut API ${endpoint.name}: ${response.status}`);\n});",
            "err": {},
            "isRoot": false,
            "uuid": "60ba6df5-da2f-4357-86eb-6a8259fe9482",
            "parentUUID": "6601ef3c-f7dc-44b1-847a-45879c8e36b3",
            "skipped": false
          },
          {
            "title": "Teste l'API de stocks",
            "fullTitle": "Tests API Revers.io Teste l'API de stocks",
            "duration": 297,
            "state": "passed",
            "speed": "fast",
            "pass": true,
            "fail": false,
            "pending": false,
            "code": "basePage.makeApiRequest(endpoint.method, endpoint.url).then(response => {\n  expect(response.status).to.be.oneOf([200, 201, 404]);\n  cy.log(`Statut API ${endpoint.name}: ${response.status}`);\n});",
            "err": {},
            "isRoot": false,
            "uuid": "3b450bee-ed33-4e51-a4e9-df3f900c04cd",
            "parentUUID": "6601ef3c-f7dc-44b1-847a-45879c8e36b3",
            "skipped": false
          },
          {
            "title": "Teste l'API de synchronisation",
            "fullTitle": "Tests API Revers.io Teste l'API de synchronisation",
            "duration": 104,
            "state": "passed",
            "speed": "fast",
            "pass": true,
            "fail": false,
            "pending": false,
            "code": "basePage.makeApiRequest(endpoint.method, endpoint.url).then(response => {\n  expect(response.status).to.be.oneOf([200, 201, 404]);\n  cy.log(`Statut API ${endpoint.name}: ${response.status}`);\n});",
            "err": {},
            "isRoot": false,
            "uuid": "ebc61e81-ec7f-4653-ba38-c4e92815e441",
            "parentUUID": "6601ef3c-f7dc-44b1-847a-45879c8e36b3",
            "skipped": false
          },
          {
            "title": "Teste l'API de remboursements",
            "fullTitle": "Tests API Revers.io Teste l'API de remboursements",
            "duration": 232,
            "state": "passed",
            "speed": "fast",
            "pass": true,
            "fail": false,
            "pending": false,
            "code": "basePage.makeApiRequest(endpoint.method, endpoint.url).then(response => {\n  expect(response.status).to.be.oneOf([200, 201, 404]);\n  cy.log(`Statut API ${endpoint.name}: ${response.status}`);\n});",
            "err": {},
            "isRoot": false,
            "uuid": "8f10b2e3-f59e-4054-b7a9-d5259db233c9",
            "parentUUID": "6601ef3c-f7dc-44b1-847a-45879c8e36b3",
            "skipped": false
          },
          {
            "title": "Teste l'API de notification des clients",
            "fullTitle": "Tests API Revers.io Teste l'API de notification des clients",
            "duration": 877,
            "state": "failed",
            "pass": false,
            "fail": true,
            "pending": false,
            "code": "const notificationData = {\n  customer_id: '12345',\n  message: 'Votre retour a été traité',\n  type: 'return_status'\n};\nbasePage.makeApiRequest('POST', '/api/notifications', notificationData).then(response => {\n  expect(response.status).to.be.oneOf([200, 201, 400, 422, 404]);\n  cy.log('Statut API Notifications: ' + response.status);\n});",
            "err": {
              "message": "expected 405 to be one of [ 200, 201, 400, 422, 404 ]",
              "name": "AssertionError",
              "stack": "AssertionError: expected 405 to be one of [ 200, 201, 400, 422, 404 ]\n    at Context.eval (webpack://reversio-cypress-automation/./cypress/e2e/api.cy.js:41:38)\n    at getRet (https://www.revers.io/__cypress/runner/cypress_runner.js:122243:20)\n    at tryCatcher (https://www.revers.io/__cypress/runner/cypress_runner.js:1777:23)\n    at Promise.attempt.Promise.try (https://www.revers.io/__cypress/runner/cypress_runner.js:4285:29)\n    at Context.thenFn (https://www.revers.io/__cypress/runner/cypress_runner.js:122254:66)\n    at Context.then (https://www.revers.io/__cypress/runner/cypress_runner.js:122505:21)",
              "parsedStack": [
                {
                  "message": "AssertionError: expected 405 to be one of [ 200, 201, 400, 422, 404 ]",
                  "whitespace": ""
                },
                {
                  "function": "Context.eval",
                  "fileUrl": "https://www.revers.io/__cypress/tests?p=cypress/e2e/api.cy.js",
                  "originalFile": "webpack://reversio-cypress-automation/./cypress/e2e/api.cy.js",
                  "relativeFile": "cypress/e2e/api.cy.js",
                  "absoluteFile": "/Users/macbook/reversio-cypress-automation/cypress/e2e/api.cy.js",
                  "line": 41,
                  "column": 38,
                  "whitespace": "    "
                },
                {
                  "function": "getRet",
                  "fileUrl": "https://www.revers.io/__cypress/runner/cypress_runner.js",
                  "originalFile": "https://www.revers.io/__cypress/runner/cypress_runner.js",
                  "line": 122243,
                  "column": 20,
                  "whitespace": "    "
                },
                {
                  "function": "tryCatcher",
                  "fileUrl": "https://www.revers.io/__cypress/runner/cypress_runner.js",
                  "originalFile": "https://www.revers.io/__cypress/runner/cypress_runner.js",
                  "line": 1777,
                  "column": 23,
                  "whitespace": "    "
                },
                {
                  "function": "Promise.attempt.Promise.try",
                  "fileUrl": "https://www.revers.io/__cypress/runner/cypress_runner.js",
                  "originalFile": "https://www.revers.io/__cypress/runner/cypress_runner.js",
                  "line": 4285,
                  "column": 29,
                  "whitespace": "    "
                },
                {
                  "function": "Context.thenFn",
                  "fileUrl": "https://www.revers.io/__cypress/runner/cypress_runner.js",
                  "originalFile": "https://www.revers.io/__cypress/runner/cypress_runner.js",
                  "line": 122254,
                  "column": 66,
                  "whitespace": "    "
                },
                {
                  "function": "Context.then",
                  "fileUrl": "https://www.revers.io/__cypress/runner/cypress_runner.js",
                  "originalFile": "https://www.revers.io/__cypress/runner/cypress_runner.js",
                  "line": 122505,
                  "column": 21,
                  "whitespace": "    "
                }
              ],
              "actual": "405",
              "expected": "[ 200, 201, 400, 422, 404 ]",
              "showDiff": true,
              "codeFrame": {
                "line": 41,
                "column": 39,
                "originalFile": "cypress/e2e/api.cy.js",
                "relativeFile": "cypress/e2e/api.cy.js",
                "absoluteFile": "/Users/macbook/reversio-cypress-automation/cypress/e2e/api.cy.js",
                "frame": "  39 |     basePage.makeApiRequest('POST', '/api/notifications', notificationData)\n  40 |       .then((response) => {\n> 41 |         expect(response.status).to.be.oneOf([200, 201, 400, 422, 404])\n     |                                       ^\n  42 |         cy.log('Statut API Notifications: ' + response.status)\n  43 |       })\n  44 |   })",
                "language": "js"
              },
              "estack": "AssertionError: expected 405 to be one of [ 200, 201, 400, 422, 404 ]\n    at Context.eval (webpack://reversio-cypress-automation/./cypress/e2e/api.cy.js:41:38)\n    at getRet (https://www.revers.io/__cypress/runner/cypress_runner.js:122243:20)\n    at tryCatcher (https://www.revers.io/__cypress/runner/cypress_runner.js:1777:23)\n    at Promise.attempt.Promise.try (https://www.revers.io/__cypress/runner/cypress_runner.js:4285:29)\n    at Context.thenFn (https://www.revers.io/__cypress/runner/cypress_runner.js:122254:66)\n    at Context.then (https://www.revers.io/__cypress/runner/cypress_runner.js:122505:21)",
              "diff": "- 405\n+ [ 200, 201, 400, 422, 404 ]\n"
            },
            "isRoot": false,
            "uuid": "67f5f40e-2822-4706-9490-b5033555ed38",
            "parentUUID": "6601ef3c-f7dc-44b1-847a-45879c8e36b3",
            "skipped": false
          },
          {
            "title": "Teste les performances des API endpoints",
            "fullTitle": "Tests API Revers.io Teste les performances des API endpoints",
            "duration": 399,
            "state": "passed",
            "speed": "fast",
            "pass": true,
            "fail": false,
            "pending": false,
            "code": "const performanceEndpoints = ['/api/returns', '/api/orders', '/api/tracking'];\nperformanceEndpoints.forEach(endpoint => {\n  basePage.makeApiRequest('GET', endpoint).then(response => {\n    expect(response.duration).to.be.lessThan(2000);\n    cy.log(`Performance ${endpoint}: ${response.duration}ms`);\n  });\n});",
            "err": {},
            "isRoot": false,
            "uuid": "e7f17109-02c0-4f61-bb53-7b568ea3d8f3",
            "parentUUID": "6601ef3c-f7dc-44b1-847a-45879c8e36b3",
            "skipped": false
          },
          {
            "title": "Teste la validation des paramètres API",
            "fullTitle": "Tests API Revers.io Teste la validation des paramètres API",
            "duration": 590,
            "state": "passed",
            "speed": "fast",
            "pass": true,
            "fail": false,
            "pending": false,
            "code": "const invalidEndpoints = ['/api/returns?param=invalid', '/api/orders?id=abc', '/api/tracking?tracking_id='];\ninvalidEndpoints.forEach(endpoint => {\n  basePage.makeApiRequest('GET', endpoint).then(response => {\n    expect(response.status).to.be.oneOf([400, 422, 404]);\n    cy.log(`Validation ${endpoint}: ${response.status}`);\n  });\n});",
            "err": {},
            "isRoot": false,
            "uuid": "1d81e7d9-a53a-4547-9874-9539374870b8",
            "parentUUID": "6601ef3c-f7dc-44b1-847a-45879c8e36b3",
            "skipped": false
          }
        ],
        "root": false,
        "pending": [],
        "_timeout": 2000,
        "file": "",
        "uuid": "6601ef3c-f7dc-44b1-847a-45879c8e36b3",
        "fullFile": "",
        "passes": [
          {
            "title": "Teste l'API de retours",
            "fullTitle": "Tests API Revers.io Teste l'API de retours",
            "duration": 207,
            "state": "passed",
            "speed": "fast",
            "pass": true,
            "fail": false,
            "pending": false,
            "code": "basePage.makeApiRequest(endpoint.method, endpoint.url).then(response => {\n  expect(response.status).to.be.oneOf([200, 201, 404]);\n  cy.log(`Statut API ${endpoint.name}: ${response.status}`);\n});",
            "err": {},
            "isRoot": false,
            "uuid": "963b56dd-7f39-43a3-99c6-d6f0e73c6a8d",
            "parentUUID": "6601ef3c-f7dc-44b1-847a-45879c8e36b3",
            "skipped": false
          },
          {
            "title": "Teste l'API de commandes",
            "fullTitle": "Tests API Revers.io Teste l'API de commandes",
            "duration": 132,
            "state": "passed",
            "speed": "fast",
            "pass": true,
            "fail": false,
            "pending": false,
            "code": "basePage.makeApiRequest(endpoint.method, endpoint.url).then(response => {\n  expect(response.status).to.be.oneOf([200, 201, 404]);\n  cy.log(`Statut API ${endpoint.name}: ${response.status}`);\n});",
            "err": {},
            "isRoot": false,
            "uuid": "d978d262-f37b-48f8-9496-835a88cf63eb",
            "parentUUID": "6601ef3c-f7dc-44b1-847a-45879c8e36b3",
            "skipped": false
          },
          {
            "title": "Teste l'API de transport",
            "fullTitle": "Tests API Revers.io Teste l'API de transport",
            "duration": 102,
            "state": "passed",
            "speed": "fast",
            "pass": true,
            "fail": false,
            "pending": false,
            "code": "basePage.makeApiRequest(endpoint.method, endpoint.url).then(response => {\n  expect(response.status).to.be.oneOf([200, 201, 404]);\n  cy.log(`Statut API ${endpoint.name}: ${response.status}`);\n});",
            "err": {},
            "isRoot": false,
            "uuid": "6f38859b-b48d-4927-a4ca-9a99499dac88",
            "parentUUID": "6601ef3c-f7dc-44b1-847a-45879c8e36b3",
            "skipped": false
          },
          {
            "title": "Teste l'API de réparations",
            "fullTitle": "Tests API Revers.io Teste l'API de réparations",
            "duration": 106,
            "state": "passed",
            "speed": "fast",
            "pass": true,
            "fail": false,
            "pending": false,
            "code": "basePage.makeApiRequest(endpoint.method, endpoint.url).then(response => {\n  expect(response.status).to.be.oneOf([200, 201, 404]);\n  cy.log(`Statut API ${endpoint.name}: ${response.status}`);\n});",
            "err": {},
            "isRoot": false,
            "uuid": "f36c0988-3257-4195-b741-998434102207",
            "parentUUID": "6601ef3c-f7dc-44b1-847a-45879c8e36b3",
            "skipped": false
          },
          {
            "title": "Teste l'API de suivi",
            "fullTitle": "Tests API Revers.io Teste l'API de suivi",
            "duration": 89,
            "state": "passed",
            "speed": "fast",
            "pass": true,
            "fail": false,
            "pending": false,
            "code": "basePage.makeApiRequest(endpoint.method, endpoint.url).then(response => {\n  expect(response.status).to.be.oneOf([200, 201, 404]);\n  cy.log(`Statut API ${endpoint.name}: ${response.status}`);\n});",
            "err": {},
            "isRoot": false,
            "uuid": "d512a89d-445b-4992-b75c-568c658a56c8",
            "parentUUID": "6601ef3c-f7dc-44b1-847a-45879c8e36b3",
            "skipped": false
          },
          {
            "title": "Teste l'API de clients",
            "fullTitle": "Tests API Revers.io Teste l'API de clients",
            "duration": 113,
            "state": "passed",
            "speed": "fast",
            "pass": true,
            "fail": false,
            "pending": false,
            "code": "basePage.makeApiRequest(endpoint.method, endpoint.url).then(response => {\n  expect(response.status).to.be.oneOf([200, 201, 404]);\n  cy.log(`Statut API ${endpoint.name}: ${response.status}`);\n});",
            "err": {},
            "isRoot": false,
            "uuid": "f4baa961-b6a1-4812-a84e-bbdc1f22f62b",
            "parentUUID": "6601ef3c-f7dc-44b1-847a-45879c8e36b3",
            "skipped": false
          },
          {
            "title": "Teste l'API de rapports",
            "fullTitle": "Tests API Revers.io Teste l'API de rapports",
            "duration": 98,
            "state": "passed",
            "speed": "fast",
            "pass": true,
            "fail": false,
            "pending": false,
            "code": "basePage.makeApiRequest(endpoint.method, endpoint.url).then(response => {\n  expect(response.status).to.be.oneOf([200, 201, 404]);\n  cy.log(`Statut API ${endpoint.name}: ${response.status}`);\n});",
            "err": {},
            "isRoot": false,
            "uuid": "8fac0f55-acf1-40ac-b8ac-8b00a293357c",
            "parentUUID": "6601ef3c-f7dc-44b1-847a-45879c8e36b3",
            "skipped": false
          },
          {
            "title": "Teste l'API de partenaires",
            "fullTitle": "Tests API Revers.io Teste l'API de partenaires",
            "duration": 317,
            "state": "passed",
            "speed": "fast",
            "pass": true,
            "fail": false,
            "pending": false,
            "code": "basePage.makeApiRequest(endpoint.method, endpoint.url).then(response => {\n  expect(response.status).to.be.oneOf([200, 201, 404]);\n  cy.log(`Statut API ${endpoint.name}: ${response.status}`);\n});",
            "err": {},
            "isRoot": false,
            "uuid": "60ba6df5-da2f-4357-86eb-6a8259fe9482",
            "parentUUID": "6601ef3c-f7dc-44b1-847a-45879c8e36b3",
            "skipped": false
          },
          {
            "title": "Teste l'API de stocks",
            "fullTitle": "Tests API Revers.io Teste l'API de stocks",
            "duration": 297,
            "state": "passed",
            "speed": "fast",
            "pass": true,
            "fail": false,
            "pending": false,
            "code": "basePage.makeApiRequest(endpoint.method, endpoint.url).then(response => {\n  expect(response.status).to.be.oneOf([200, 201, 404]);\n  cy.log(`Statut API ${endpoint.name}: ${response.status}`);\n});",
            "err": {},
            "isRoot": false,
            "uuid": "3b450bee-ed33-4e51-a4e9-df3f900c04cd",
            "parentUUID": "6601ef3c-f7dc-44b1-847a-45879c8e36b3",
            "skipped": false
          },
          {
            "title": "Teste l'API de synchronisation",
            "fullTitle": "Tests API Revers.io Teste l'API de synchronisation",
            "duration": 104,
            "state": "passed",
            "speed": "fast",
            "pass": true,
            "fail": false,
            "pending": false,
            "code": "basePage.makeApiRequest(endpoint.method, endpoint.url).then(response => {\n  expect(response.status).to.be.oneOf([200, 201, 404]);\n  cy.log(`Statut API ${endpoint.name}: ${response.status}`);\n});",
            "err": {},
            "isRoot": false,
            "uuid": "ebc61e81-ec7f-4653-ba38-c4e92815e441",
            "parentUUID": "6601ef3c-f7dc-44b1-847a-45879c8e36b3",
            "skipped": false
          },
          {
            "title": "Teste l'API de remboursements",
            "fullTitle": "Tests API Revers.io Teste l'API de remboursements",
            "duration": 232,
            "state": "passed",
            "speed": "fast",
            "pass": true,
            "fail": false,
            "pending": false,
            "code": "basePage.makeApiRequest(endpoint.method, endpoint.url).then(response => {\n  expect(response.status).to.be.oneOf([200, 201, 404]);\n  cy.log(`Statut API ${endpoint.name}: ${response.status}`);\n});",
            "err": {},
            "isRoot": false,
            "uuid": "8f10b2e3-f59e-4054-b7a9-d5259db233c9",
            "parentUUID": "6601ef3c-f7dc-44b1-847a-45879c8e36b3",
            "skipped": false
          },
          {
            "title": "Teste les performances des API endpoints",
            "fullTitle": "Tests API Revers.io Teste les performances des API endpoints",
            "duration": 399,
            "state": "passed",
            "speed": "fast",
            "pass": true,
            "fail": false,
            "pending": false,
            "code": "const performanceEndpoints = ['/api/returns', '/api/orders', '/api/tracking'];\nperformanceEndpoints.forEach(endpoint => {\n  basePage.makeApiRequest('GET', endpoint).then(response => {\n    expect(response.duration).to.be.lessThan(2000);\n    cy.log(`Performance ${endpoint}: ${response.duration}ms`);\n  });\n});",
            "err": {},
            "isRoot": false,
            "uuid": "e7f17109-02c0-4f61-bb53-7b568ea3d8f3",
            "parentUUID": "6601ef3c-f7dc-44b1-847a-45879c8e36b3",
            "skipped": false
          },
          {
            "title": "Teste la validation des paramètres API",
            "fullTitle": "Tests API Revers.io Teste la validation des paramètres API",
            "duration": 590,
            "state": "passed",
            "speed": "fast",
            "pass": true,
            "fail": false,
            "pending": false,
            "code": "const invalidEndpoints = ['/api/returns?param=invalid', '/api/orders?id=abc', '/api/tracking?tracking_id='];\ninvalidEndpoints.forEach(endpoint => {\n  basePage.makeApiRequest('GET', endpoint).then(response => {\n    expect(response.status).to.be.oneOf([400, 422, 404]);\n    cy.log(`Validation ${endpoint}: ${response.status}`);\n  });\n});",
            "err": {},
            "isRoot": false,
            "uuid": "1d81e7d9-a53a-4547-9874-9539374870b8",
            "parentUUID": "6601ef3c-f7dc-44b1-847a-45879c8e36b3",
            "skipped": false
          }
        ],
        "failures": [
          {
            "title": "Teste l'API de notification des clients",
            "fullTitle": "Tests API Revers.io Teste l'API de notification des clients",
            "duration": 877,
            "state": "failed",
            "pass": false,
            "fail": true,
            "pending": false,
            "code": "const notificationData = {\n  customer_id: '12345',\n  message: 'Votre retour a été traité',\n  type: 'return_status'\n};\nbasePage.makeApiRequest('POST', '/api/notifications', notificationData).then(response => {\n  expect(response.status).to.be.oneOf([200, 201, 400, 422, 404]);\n  cy.log('Statut API Notifications: ' + response.status);\n});",
            "err": {
              "message": "expected 405 to be one of [ 200, 201, 400, 422, 404 ]",
              "name": "AssertionError",
              "stack": "AssertionError: expected 405 to be one of [ 200, 201, 400, 422, 404 ]\n    at Context.eval (webpack://reversio-cypress-automation/./cypress/e2e/api.cy.js:41:38)\n    at getRet (https://www.revers.io/__cypress/runner/cypress_runner.js:122243:20)\n    at tryCatcher (https://www.revers.io/__cypress/runner/cypress_runner.js:1777:23)\n    at Promise.attempt.Promise.try (https://www.revers.io/__cypress/runner/cypress_runner.js:4285:29)\n    at Context.thenFn (https://www.revers.io/__cypress/runner/cypress_runner.js:122254:66)\n    at Context.then (https://www.revers.io/__cypress/runner/cypress_runner.js:122505:21)",
              "parsedStack": [
                {
                  "message": "AssertionError: expected 405 to be one of [ 200, 201, 400, 422, 404 ]",
                  "whitespace": ""
                },
                {
                  "function": "Context.eval",
                  "fileUrl": "https://www.revers.io/__cypress/tests?p=cypress/e2e/api.cy.js",
                  "originalFile": "webpack://reversio-cypress-automation/./cypress/e2e/api.cy.js",
                  "relativeFile": "cypress/e2e/api.cy.js",
                  "absoluteFile": "/Users/macbook/reversio-cypress-automation/cypress/e2e/api.cy.js",
                  "line": 41,
                  "column": 38,
                  "whitespace": "    "
                },
                {
                  "function": "getRet",
                  "fileUrl": "https://www.revers.io/__cypress/runner/cypress_runner.js",
                  "originalFile": "https://www.revers.io/__cypress/runner/cypress_runner.js",
                  "line": 122243,
                  "column": 20,
                  "whitespace": "    "
                },
                {
                  "function": "tryCatcher",
                  "fileUrl": "https://www.revers.io/__cypress/runner/cypress_runner.js",
                  "originalFile": "https://www.revers.io/__cypress/runner/cypress_runner.js",
                  "line": 1777,
                  "column": 23,
                  "whitespace": "    "
                },
                {
                  "function": "Promise.attempt.Promise.try",
                  "fileUrl": "https://www.revers.io/__cypress/runner/cypress_runner.js",
                  "originalFile": "https://www.revers.io/__cypress/runner/cypress_runner.js",
                  "line": 4285,
                  "column": 29,
                  "whitespace": "    "
                },
                {
                  "function": "Context.thenFn",
                  "fileUrl": "https://www.revers.io/__cypress/runner/cypress_runner.js",
                  "originalFile": "https://www.revers.io/__cypress/runner/cypress_runner.js",
                  "line": 122254,
                  "column": 66,
                  "whitespace": "    "
                },
                {
                  "function": "Context.then",
                  "fileUrl": "https://www.revers.io/__cypress/runner/cypress_runner.js",
                  "originalFile": "https://www.revers.io/__cypress/runner/cypress_runner.js",
                  "line": 122505,
                  "column": 21,
                  "whitespace": "    "
                }
              ],
              "actual": "405",
              "expected": "[ 200, 201, 400, 422, 404 ]",
              "showDiff": true,
              "codeFrame": {
                "line": 41,
                "column": 39,
                "originalFile": "cypress/e2e/api.cy.js",
                "relativeFile": "cypress/e2e/api.cy.js",
                "absoluteFile": "/Users/macbook/reversio-cypress-automation/cypress/e2e/api.cy.js",
                "frame": "  39 |     basePage.makeApiRequest('POST', '/api/notifications', notificationData)\n  40 |       .then((response) => {\n> 41 |         expect(response.status).to.be.oneOf([200, 201, 400, 422, 404])\n     |                                       ^\n  42 |         cy.log('Statut API Notifications: ' + response.status)\n  43 |       })\n  44 |   })",
                "language": "js"
              },
              "estack": "AssertionError: expected 405 to be one of [ 200, 201, 400, 422, 404 ]\n    at Context.eval (webpack://reversio-cypress-automation/./cypress/e2e/api.cy.js:41:38)\n    at getRet (https://www.revers.io/__cypress/runner/cypress_runner.js:122243:20)\n    at tryCatcher (https://www.revers.io/__cypress/runner/cypress_runner.js:1777:23)\n    at Promise.attempt.Promise.try (https://www.revers.io/__cypress/runner/cypress_runner.js:4285:29)\n    at Context.thenFn (https://www.revers.io/__cypress/runner/cypress_runner.js:122254:66)\n    at Context.then (https://www.revers.io/__cypress/runner/cypress_runner.js:122505:21)",
              "diff": "- 405\n+ [ 200, 201, 400, 422, 404 ]\n"
            },
            "isRoot": false,
            "uuid": "67f5f40e-2822-4706-9490-b5033555ed38",
            "parentUUID": "6601ef3c-f7dc-44b1-847a-45879c8e36b3",
            "skipped": false
          }
        ],
        "skipped": [],
        "hasTests": true,
        "hasSuites": false,
        "totalTests": 14,
        "totalPasses": 13,
        "totalFailures": 1,
        "totalPending": 0,
        "totalSkipped": 0,
        "hasPasses": true,
        "hasFailures": true,
        "hasPending": false,
        "hasSkipped": false,
        "duration": 3663,
        "rootEmpty": false
      }
    ],
    "tests": [],
    "root": true,
    "pending": [],
    "_timeout": 2000,
    "file": "cypress/e2e/api.cy.js",
    "uuid": "c0e3e3a9-ba4d-4926-a8d9-b88bf519fdc9",
    "fullFile": "cypress/e2e/api.cy.js",
    "passes": [],
    "failures": [],
    "skipped": [],
    "hasTests": false,
    "hasSuites": true,
    "totalTests": 0,
    "totalPasses": 0,
    "totalFailures": 0,
    "totalPending": 0,
    "totalSkipped": 0,
    "hasPasses": false,
    "hasFailures": false,
    "hasPending": false,
    "hasSkipped": false,
    "duration": 0,
    "rootEmpty": true
  },
  "allTests": [
    {
      "title": "Teste l'API de retours",
      "fullTitle": "Tests API Revers.io Teste l'API de retours",
      "duration": 207,
      "state": "passed",
      "speed": "fast",
      "pass": true,
      "fail": false,
      "pending": false,
      "code": "basePage.makeApiRequest(endpoint.method, endpoint.url).then(response => {\n  expect(response.status).to.be.oneOf([200, 201, 404]);\n  cy.log(`Statut API ${endpoint.name}: ${response.status}`);\n});",
      "err": {},
      "isRoot": false,
      "uuid": "963b56dd-7f39-43a3-99c6-d6f0e73c6a8d",
      "parentUUID": "6601ef3c-f7dc-44b1-847a-45879c8e36b3",
      "skipped": false
    },
    {
      "title": "Teste l'API de commandes",
      "fullTitle": "Tests API Revers.io Teste l'API de commandes",
      "duration": 132,
      "state": "passed",
      "speed": "fast",
      "pass": true,
      "fail": false,
      "pending": false,
      "code": "basePage.makeApiRequest(endpoint.method, endpoint.url).then(response => {\n  expect(response.status).to.be.oneOf([200, 201, 404]);\n  cy.log(`Statut API ${endpoint.name}: ${response.status}`);\n});",
      "err": {},
      "isRoot": false,
      "uuid": "d978d262-f37b-48f8-9496-835a88cf63eb",
      "parentUUID": "6601ef3c-f7dc-44b1-847a-45879c8e36b3",
      "skipped": false
    },
    {
      "title": "Teste l'API de transport",
      "fullTitle": "Tests API Revers.io Teste l'API de transport",
      "duration": 102,
      "state": "passed",
      "speed": "fast",
      "pass": true,
      "fail": false,
      "pending": false,
      "code": "basePage.makeApiRequest(endpoint.method, endpoint.url).then(response => {\n  expect(response.status).to.be.oneOf([200, 201, 404]);\n  cy.log(`Statut API ${endpoint.name}: ${response.status}`);\n});",
      "err": {},
      "isRoot": false,
      "uuid": "6f38859b-b48d-4927-a4ca-9a99499dac88",
      "parentUUID": "6601ef3c-f7dc-44b1-847a-45879c8e36b3",
      "skipped": false
    },
    {
      "title": "Teste l'API de réparations",
      "fullTitle": "Tests API Revers.io Teste l'API de réparations",
      "duration": 106,
      "state": "passed",
      "speed": "fast",
      "pass": true,
      "fail": false,
      "pending": false,
      "code": "basePage.makeApiRequest(endpoint.method, endpoint.url).then(response => {\n  expect(response.status).to.be.oneOf([200, 201, 404]);\n  cy.log(`Statut API ${endpoint.name}: ${response.status}`);\n});",
      "err": {},
      "isRoot": false,
      "uuid": "f36c0988-3257-4195-b741-998434102207",
      "parentUUID": "6601ef3c-f7dc-44b1-847a-45879c8e36b3",
      "skipped": false
    },
    {
      "title": "Teste l'API de suivi",
      "fullTitle": "Tests API Revers.io Teste l'API de suivi",
      "duration": 89,
      "state": "passed",
      "speed": "fast",
      "pass": true,
      "fail": false,
      "pending": false,
      "code": "basePage.makeApiRequest(endpoint.method, endpoint.url).then(response => {\n  expect(response.status).to.be.oneOf([200, 201, 404]);\n  cy.log(`Statut API ${endpoint.name}: ${response.status}`);\n});",
      "err": {},
      "isRoot": false,
      "uuid": "d512a89d-445b-4992-b75c-568c658a56c8",
      "parentUUID": "6601ef3c-f7dc-44b1-847a-45879c8e36b3",
      "skipped": false
    },
    {
      "title": "Teste l'API de clients",
      "fullTitle": "Tests API Revers.io Teste l'API de clients",
      "duration": 113,
      "state": "passed",
      "speed": "fast",
      "pass": true,
      "fail": false,
      "pending": false,
      "code": "basePage.makeApiRequest(endpoint.method, endpoint.url).then(response => {\n  expect(response.status).to.be.oneOf([200, 201, 404]);\n  cy.log(`Statut API ${endpoint.name}: ${response.status}`);\n});",
      "err": {},
      "isRoot": false,
      "uuid": "f4baa961-b6a1-4812-a84e-bbdc1f22f62b",
      "parentUUID": "6601ef3c-f7dc-44b1-847a-45879c8e36b3",
      "skipped": false
    },
    {
      "title": "Teste l'API de rapports",
      "fullTitle": "Tests API Revers.io Teste l'API de rapports",
      "duration": 98,
      "state": "passed",
      "speed": "fast",
      "pass": true,
      "fail": false,
      "pending": false,
      "code": "basePage.makeApiRequest(endpoint.method, endpoint.url).then(response => {\n  expect(response.status).to.be.oneOf([200, 201, 404]);\n  cy.log(`Statut API ${endpoint.name}: ${response.status}`);\n});",
      "err": {},
      "isRoot": false,
      "uuid": "8fac0f55-acf1-40ac-b8ac-8b00a293357c",
      "parentUUID": "6601ef3c-f7dc-44b1-847a-45879c8e36b3",
      "skipped": false
    },
    {
      "title": "Teste l'API de partenaires",
      "fullTitle": "Tests API Revers.io Teste l'API de partenaires",
      "duration": 317,
      "state": "passed",
      "speed": "fast",
      "pass": true,
      "fail": false,
      "pending": false,
      "code": "basePage.makeApiRequest(endpoint.method, endpoint.url).then(response => {\n  expect(response.status).to.be.oneOf([200, 201, 404]);\n  cy.log(`Statut API ${endpoint.name}: ${response.status}`);\n});",
      "err": {},
      "isRoot": false,
      "uuid": "60ba6df5-da2f-4357-86eb-6a8259fe9482",
      "parentUUID": "6601ef3c-f7dc-44b1-847a-45879c8e36b3",
      "skipped": false
    },
    {
      "title": "Teste l'API de stocks",
      "fullTitle": "Tests API Revers.io Teste l'API de stocks",
      "duration": 297,
      "state": "passed",
      "speed": "fast",
      "pass": true,
      "fail": false,
      "pending": false,
      "code": "basePage.makeApiRequest(endpoint.method, endpoint.url).then(response => {\n  expect(response.status).to.be.oneOf([200, 201, 404]);\n  cy.log(`Statut API ${endpoint.name}: ${response.status}`);\n});",
      "err": {},
      "isRoot": false,
      "uuid": "3b450bee-ed33-4e51-a4e9-df3f900c04cd",
      "parentUUID": "6601ef3c-f7dc-44b1-847a-45879c8e36b3",
      "skipped": false
    },
    {
      "title": "Teste l'API de synchronisation",
      "fullTitle": "Tests API Revers.io Teste l'API de synchronisation",
      "duration": 104,
      "state": "passed",
      "speed": "fast",
      "pass": true,
      "fail": false,
      "pending": false,
      "code": "basePage.makeApiRequest(endpoint.method, endpoint.url).then(response => {\n  expect(response.status).to.be.oneOf([200, 201, 404]);\n  cy.log(`Statut API ${endpoint.name}: ${response.status}`);\n});",
      "err": {},
      "isRoot": false,
      "uuid": "ebc61e81-ec7f-4653-ba38-c4e92815e441",
      "parentUUID": "6601ef3c-f7dc-44b1-847a-45879c8e36b3",
      "skipped": false
    },
    {
      "title": "Teste l'API de remboursements",
      "fullTitle": "Tests API Revers.io Teste l'API de remboursements",
      "duration": 232,
      "state": "passed",
      "speed": "fast",
      "pass": true,
      "fail": false,
      "pending": false,
      "code": "basePage.makeApiRequest(endpoint.method, endpoint.url).then(response => {\n  expect(response.status).to.be.oneOf([200, 201, 404]);\n  cy.log(`Statut API ${endpoint.name}: ${response.status}`);\n});",
      "err": {},
      "isRoot": false,
      "uuid": "8f10b2e3-f59e-4054-b7a9-d5259db233c9",
      "parentUUID": "6601ef3c-f7dc-44b1-847a-45879c8e36b3",
      "skipped": false
    },
    {
      "title": "Teste l'API de notification des clients",
      "fullTitle": "Tests API Revers.io Teste l'API de notification des clients",
      "duration": 877,
      "state": "failed",
      "pass": false,
      "fail": true,
      "pending": false,
      "code": "const notificationData = {\n  customer_id: '12345',\n  message: 'Votre retour a été traité',\n  type: 'return_status'\n};\nbasePage.makeApiRequest('POST', '/api/notifications', notificationData).then(response => {\n  expect(response.status).to.be.oneOf([200, 201, 400, 422, 404]);\n  cy.log('Statut API Notifications: ' + response.status);\n});",
      "err": {
        "message": "expected 405 to be one of [ 200, 201, 400, 422, 404 ]",
        "name": "AssertionError",
        "stack": "AssertionError: expected 405 to be one of [ 200, 201, 400, 422, 404 ]\n    at Context.eval (webpack://reversio-cypress-automation/./cypress/e2e/api.cy.js:41:38)\n    at getRet (https://www.revers.io/__cypress/runner/cypress_runner.js:122243:20)\n    at tryCatcher (https://www.revers.io/__cypress/runner/cypress_runner.js:1777:23)\n    at Promise.attempt.Promise.try (https://www.revers.io/__cypress/runner/cypress_runner.js:4285:29)\n    at Context.thenFn (https://www.revers.io/__cypress/runner/cypress_runner.js:122254:66)\n    at Context.then (https://www.revers.io/__cypress/runner/cypress_runner.js:122505:21)",
        "parsedStack": [
          {
            "message": "AssertionError: expected 405 to be one of [ 200, 201, 400, 422, 404 ]",
            "whitespace": ""
          },
          {
            "function": "Context.eval",
            "fileUrl": "https://www.revers.io/__cypress/tests?p=cypress/e2e/api.cy.js",
            "originalFile": "webpack://reversio-cypress-automation/./cypress/e2e/api.cy.js",
            "relativeFile": "cypress/e2e/api.cy.js",
            "absoluteFile": "/Users/macbook/reversio-cypress-automation/cypress/e2e/api.cy.js",
            "line": 41,
            "column": 38,
            "whitespace": "    "
          },
          {
            "function": "getRet",
            "fileUrl": "https://www.revers.io/__cypress/runner/cypress_runner.js",
            "originalFile": "https://www.revers.io/__cypress/runner/cypress_runner.js",
            "line": 122243,
            "column": 20,
            "whitespace": "    "
          },
          {
            "function": "tryCatcher",
            "fileUrl": "https://www.revers.io/__cypress/runner/cypress_runner.js",
            "originalFile": "https://www.revers.io/__cypress/runner/cypress_runner.js",
            "line": 1777,
            "column": 23,
            "whitespace": "    "
          },
          {
            "function": "Promise.attempt.Promise.try",
            "fileUrl": "https://www.revers.io/__cypress/runner/cypress_runner.js",
            "originalFile": "https://www.revers.io/__cypress/runner/cypress_runner.js",
            "line": 4285,
            "column": 29,
            "whitespace": "    "
          },
          {
            "function": "Context.thenFn",
            "fileUrl": "https://www.revers.io/__cypress/runner/cypress_runner.js",
            "originalFile": "https://www.revers.io/__cypress/runner/cypress_runner.js",
            "line": 122254,
            "column": 66,
            "whitespace": "    "
          },
          {
            "function": "Context.then",
            "fileUrl": "https://www.revers.io/__cypress/runner/cypress_runner.js",
            "originalFile": "https://www.revers.io/__cypress/runner/cypress_runner.js",
            "line": 122505,
            "column": 21,
            "whitespace": "    "
          }
        ],
        "actual": "405",
        "expected": "[ 200, 201, 400, 422, 404 ]",
        "showDiff": true,
        "codeFrame": {
          "line": 41,
          "column": 39,
          "originalFile": "cypress/e2e/api.cy.js",
          "relativeFile": "cypress/e2e/api.cy.js",
          "absoluteFile": "/Users/macbook/reversio-cypress-automation/cypress/e2e/api.cy.js",
          "frame": "  39 |     basePage.makeApiRequest('POST', '/api/notifications', notificationData)\n  40 |       .then((response) => {\n> 41 |         expect(response.status).to.be.oneOf([200, 201, 400, 422, 404])\n     |                                       ^\n  42 |         cy.log('Statut API Notifications: ' + response.status)\n  43 |       })\n  44 |   })",
          "language": "js"
        },
        "estack": "AssertionError: expected 405 to be one of [ 200, 201, 400, 422, 404 ]\n    at Context.eval (webpack://reversio-cypress-automation/./cypress/e2e/api.cy.js:41:38)\n    at getRet (https://www.revers.io/__cypress/runner/cypress_runner.js:122243:20)\n    at tryCatcher (https://www.revers.io/__cypress/runner/cypress_runner.js:1777:23)\n    at Promise.attempt.Promise.try (https://www.revers.io/__cypress/runner/cypress_runner.js:4285:29)\n    at Context.thenFn (https://www.revers.io/__cypress/runner/cypress_runner.js:122254:66)\n    at Context.then (https://www.revers.io/__cypress/runner/cypress_runner.js:122505:21)",
        "diff": "- 405\n+ [ 200, 201, 400, 422, 404 ]\n"
      },
      "isRoot": false,
      "uuid": "67f5f40e-2822-4706-9490-b5033555ed38",
      "parentUUID": "6601ef3c-f7dc-44b1-847a-45879c8e36b3",
      "skipped": false
    },
    {
      "title": "Teste les performances des API endpoints",
      "fullTitle": "Tests API Revers.io Teste les performances des API endpoints",
      "duration": 399,
      "state": "passed",
      "speed": "fast",
      "pass": true,
      "fail": false,
      "pending": false,
      "code": "const performanceEndpoints = ['/api/returns', '/api/orders', '/api/tracking'];\nperformanceEndpoints.forEach(endpoint => {\n  basePage.makeApiRequest('GET', endpoint).then(response => {\n    expect(response.duration).to.be.lessThan(2000);\n    cy.log(`Performance ${endpoint}: ${response.duration}ms`);\n  });\n});",
      "err": {},
      "isRoot": false,
      "uuid": "e7f17109-02c0-4f61-bb53-7b568ea3d8f3",
      "parentUUID": "6601ef3c-f7dc-44b1-847a-45879c8e36b3",
      "skipped": false
    },
    {
      "title": "Teste la validation des paramètres API",
      "fullTitle": "Tests API Revers.io Teste la validation des paramètres API",
      "duration": 590,
      "state": "passed",
      "speed": "fast",
      "pass": true,
      "fail": false,
      "pending": false,
      "code": "const invalidEndpoints = ['/api/returns?param=invalid', '/api/orders?id=abc', '/api/tracking?tracking_id='];\ninvalidEndpoints.forEach(endpoint => {\n  basePage.makeApiRequest('GET', endpoint).then(response => {\n    expect(response.status).to.be.oneOf([400, 422, 404]);\n    cy.log(`Validation ${endpoint}: ${response.status}`);\n  });\n});",
      "err": {},
      "isRoot": false,
      "uuid": "1d81e7d9-a53a-4547-9874-9539374870b8",
      "parentUUID": "6601ef3c-f7dc-44b1-847a-45879c8e36b3",
      "skipped": false
    }
  ],
  "allPending": [],
  "allPasses": [
    {
      "title": "Teste l'API de retours",
      "fullTitle": "Tests API Revers.io Teste l'API de retours",
      "duration": 207,
      "state": "passed",
      "speed": "fast",
      "pass": true,
      "fail": false,
      "pending": false,
      "code": "basePage.makeApiRequest(endpoint.method, endpoint.url).then(response => {\n  expect(response.status).to.be.oneOf([200, 201, 404]);\n  cy.log(`Statut API ${endpoint.name}: ${response.status}`);\n});",
      "err": {},
      "isRoot": false,
      "uuid": "963b56dd-7f39-43a3-99c6-d6f0e73c6a8d",
      "parentUUID": "6601ef3c-f7dc-44b1-847a-45879c8e36b3",
      "skipped": false
    },
    {
      "title": "Teste l'API de commandes",
      "fullTitle": "Tests API Revers.io Teste l'API de commandes",
      "duration": 132,
      "state": "passed",
      "speed": "fast",
      "pass": true,
      "fail": false,
      "pending": false,
      "code": "basePage.makeApiRequest(endpoint.method, endpoint.url).then(response => {\n  expect(response.status).to.be.oneOf([200, 201, 404]);\n  cy.log(`Statut API ${endpoint.name}: ${response.status}`);\n});",
      "err": {},
      "isRoot": false,
      "uuid": "d978d262-f37b-48f8-9496-835a88cf63eb",
      "parentUUID": "6601ef3c-f7dc-44b1-847a-45879c8e36b3",
      "skipped": false
    },
    {
      "title": "Teste l'API de transport",
      "fullTitle": "Tests API Revers.io Teste l'API de transport",
      "duration": 102,
      "state": "passed",
      "speed": "fast",
      "pass": true,
      "fail": false,
      "pending": false,
      "code": "basePage.makeApiRequest(endpoint.method, endpoint.url).then(response => {\n  expect(response.status).to.be.oneOf([200, 201, 404]);\n  cy.log(`Statut API ${endpoint.name}: ${response.status}`);\n});",
      "err": {},
      "isRoot": false,
      "uuid": "6f38859b-b48d-4927-a4ca-9a99499dac88",
      "parentUUID": "6601ef3c-f7dc-44b1-847a-45879c8e36b3",
      "skipped": false
    },
    {
      "title": "Teste l'API de réparations",
      "fullTitle": "Tests API Revers.io Teste l'API de réparations",
      "duration": 106,
      "state": "passed",
      "speed": "fast",
      "pass": true,
      "fail": false,
      "pending": false,
      "code": "basePage.makeApiRequest(endpoint.method, endpoint.url).then(response => {\n  expect(response.status).to.be.oneOf([200, 201, 404]);\n  cy.log(`Statut API ${endpoint.name}: ${response.status}`);\n});",
      "err": {},
      "isRoot": false,
      "uuid": "f36c0988-3257-4195-b741-998434102207",
      "parentUUID": "6601ef3c-f7dc-44b1-847a-45879c8e36b3",
      "skipped": false
    },
    {
      "title": "Teste l'API de suivi",
      "fullTitle": "Tests API Revers.io Teste l'API de suivi",
      "duration": 89,
      "state": "passed",
      "speed": "fast",
      "pass": true,
      "fail": false,
      "pending": false,
      "code": "basePage.makeApiRequest(endpoint.method, endpoint.url).then(response => {\n  expect(response.status).to.be.oneOf([200, 201, 404]);\n  cy.log(`Statut API ${endpoint.name}: ${response.status}`);\n});",
      "err": {},
      "isRoot": false,
      "uuid": "d512a89d-445b-4992-b75c-568c658a56c8",
      "parentUUID": "6601ef3c-f7dc-44b1-847a-45879c8e36b3",
      "skipped": false
    },
    {
      "title": "Teste l'API de clients",
      "fullTitle": "Tests API Revers.io Teste l'API de clients",
      "duration": 113,
      "state": "passed",
      "speed": "fast",
      "pass": true,
      "fail": false,
      "pending": false,
      "code": "basePage.makeApiRequest(endpoint.method, endpoint.url).then(response => {\n  expect(response.status).to.be.oneOf([200, 201, 404]);\n  cy.log(`Statut API ${endpoint.name}: ${response.status}`);\n});",
      "err": {},
      "isRoot": false,
      "uuid": "f4baa961-b6a1-4812-a84e-bbdc1f22f62b",
      "parentUUID": "6601ef3c-f7dc-44b1-847a-45879c8e36b3",
      "skipped": false
    },
    {
      "title": "Teste l'API de rapports",
      "fullTitle": "Tests API Revers.io Teste l'API de rapports",
      "duration": 98,
      "state": "passed",
      "speed": "fast",
      "pass": true,
      "fail": false,
      "pending": false,
      "code": "basePage.makeApiRequest(endpoint.method, endpoint.url).then(response => {\n  expect(response.status).to.be.oneOf([200, 201, 404]);\n  cy.log(`Statut API ${endpoint.name}: ${response.status}`);\n});",
      "err": {},
      "isRoot": false,
      "uuid": "8fac0f55-acf1-40ac-b8ac-8b00a293357c",
      "parentUUID": "6601ef3c-f7dc-44b1-847a-45879c8e36b3",
      "skipped": false
    },
    {
      "title": "Teste l'API de partenaires",
      "fullTitle": "Tests API Revers.io Teste l'API de partenaires",
      "duration": 317,
      "state": "passed",
      "speed": "fast",
      "pass": true,
      "fail": false,
      "pending": false,
      "code": "basePage.makeApiRequest(endpoint.method, endpoint.url).then(response => {\n  expect(response.status).to.be.oneOf([200, 201, 404]);\n  cy.log(`Statut API ${endpoint.name}: ${response.status}`);\n});",
      "err": {},
      "isRoot": false,
      "uuid": "60ba6df5-da2f-4357-86eb-6a8259fe9482",
      "parentUUID": "6601ef3c-f7dc-44b1-847a-45879c8e36b3",
      "skipped": false
    },
    {
      "title": "Teste l'API de stocks",
      "fullTitle": "Tests API Revers.io Teste l'API de stocks",
      "duration": 297,
      "state": "passed",
      "speed": "fast",
      "pass": true,
      "fail": false,
      "pending": false,
      "code": "basePage.makeApiRequest(endpoint.method, endpoint.url).then(response => {\n  expect(response.status).to.be.oneOf([200, 201, 404]);\n  cy.log(`Statut API ${endpoint.name}: ${response.status}`);\n});",
      "err": {},
      "isRoot": false,
      "uuid": "3b450bee-ed33-4e51-a4e9-df3f900c04cd",
      "parentUUID": "6601ef3c-f7dc-44b1-847a-45879c8e36b3",
      "skipped": false
    },
    {
      "title": "Teste l'API de synchronisation",
      "fullTitle": "Tests API Revers.io Teste l'API de synchronisation",
      "duration": 104,
      "state": "passed",
      "speed": "fast",
      "pass": true,
      "fail": false,
      "pending": false,
      "code": "basePage.makeApiRequest(endpoint.method, endpoint.url).then(response => {\n  expect(response.status).to.be.oneOf([200, 201, 404]);\n  cy.log(`Statut API ${endpoint.name}: ${response.status}`);\n});",
      "err": {},
      "isRoot": false,
      "uuid": "ebc61e81-ec7f-4653-ba38-c4e92815e441",
      "parentUUID": "6601ef3c-f7dc-44b1-847a-45879c8e36b3",
      "skipped": false
    },
    {
      "title": "Teste l'API de remboursements",
      "fullTitle": "Tests API Revers.io Teste l'API de remboursements",
      "duration": 232,
      "state": "passed",
      "speed": "fast",
      "pass": true,
      "fail": false,
      "pending": false,
      "code": "basePage.makeApiRequest(endpoint.method, endpoint.url).then(response => {\n  expect(response.status).to.be.oneOf([200, 201, 404]);\n  cy.log(`Statut API ${endpoint.name}: ${response.status}`);\n});",
      "err": {},
      "isRoot": false,
      "uuid": "8f10b2e3-f59e-4054-b7a9-d5259db233c9",
      "parentUUID": "6601ef3c-f7dc-44b1-847a-45879c8e36b3",
      "skipped": false
    },
    {
      "title": "Teste les performances des API endpoints",
      "fullTitle": "Tests API Revers.io Teste les performances des API endpoints",
      "duration": 399,
      "state": "passed",
      "speed": "fast",
      "pass": true,
      "fail": false,
      "pending": false,
      "code": "const performanceEndpoints = ['/api/returns', '/api/orders', '/api/tracking'];\nperformanceEndpoints.forEach(endpoint => {\n  basePage.makeApiRequest('GET', endpoint).then(response => {\n    expect(response.duration).to.be.lessThan(2000);\n    cy.log(`Performance ${endpoint}: ${response.duration}ms`);\n  });\n});",
      "err": {},
      "isRoot": false,
      "uuid": "e7f17109-02c0-4f61-bb53-7b568ea3d8f3",
      "parentUUID": "6601ef3c-f7dc-44b1-847a-45879c8e36b3",
      "skipped": false
    },
    {
      "title": "Teste la validation des paramètres API",
      "fullTitle": "Tests API Revers.io Teste la validation des paramètres API",
      "duration": 590,
      "state": "passed",
      "speed": "fast",
      "pass": true,
      "fail": false,
      "pending": false,
      "code": "const invalidEndpoints = ['/api/returns?param=invalid', '/api/orders?id=abc', '/api/tracking?tracking_id='];\ninvalidEndpoints.forEach(endpoint => {\n  basePage.makeApiRequest('GET', endpoint).then(response => {\n    expect(response.status).to.be.oneOf([400, 422, 404]);\n    cy.log(`Validation ${endpoint}: ${response.status}`);\n  });\n});",
      "err": {},
      "isRoot": false,
      "uuid": "1d81e7d9-a53a-4547-9874-9539374870b8",
      "parentUUID": "6601ef3c-f7dc-44b1-847a-45879c8e36b3",
      "skipped": false
    }
  ],
  "allFailures": [
    {
      "title": "Teste l'API de notification des clients",
      "fullTitle": "Tests API Revers.io Teste l'API de notification des clients",
      "duration": 0,
      "state": "failed",
      "pass": false,
      "fail": true,
      "pending": false,
      "code": "const notificationData = {\n  customer_id: '12345',\n  message: 'Votre retour a été traité',\n  type: 'return_status'\n};\nbasePage.makeApiRequest('POST', '/api/notifications', notificationData).then(response => {\n  expect(response.status).to.be.oneOf([200, 201, 400, 422, 404]);\n  cy.log('Statut API Notifications: ' + response.status);\n});",
      "err": {
        "message": "expected 405 to be one of [ 200, 201, 400, 422, 404 ]",
        "name": "AssertionError",
        "stack": "AssertionError: expected 405 to be one of [ 200, 201, 400, 422, 404 ]\n    at Context.eval (webpack://reversio-cypress-automation/./cypress/e2e/api.cy.js:41:38)\n    at getRet (https://www.revers.io/__cypress/runner/cypress_runner.js:122243:20)\n    at tryCatcher (https://www.revers.io/__cypress/runner/cypress_runner.js:1777:23)\n    at Promise.attempt.Promise.try (https://www.revers.io/__cypress/runner/cypress_runner.js:4285:29)\n    at Context.thenFn (https://www.revers.io/__cypress/runner/cypress_runner.js:122254:66)\n    at Context.then (https://www.revers.io/__cypress/runner/cypress_runner.js:122505:21)",
        "parsedStack": [
          {
            "message": "AssertionError: expected 405 to be one of [ 200, 201, 400, 422, 404 ]",
            "whitespace": ""
          },
          {
            "function": "Context.eval",
            "fileUrl": "https://www.revers.io/__cypress/tests?p=cypress/e2e/api.cy.js",
            "originalFile": "webpack://reversio-cypress-automation/./cypress/e2e/api.cy.js",
            "relativeFile": "cypress/e2e/api.cy.js",
            "absoluteFile": "/Users/macbook/reversio-cypress-automation/cypress/e2e/api.cy.js",
            "line": 41,
            "column": 38,
            "whitespace": "    "
          },
          {
            "function": "getRet",
            "fileUrl": "https://www.revers.io/__cypress/runner/cypress_runner.js",
            "originalFile": "https://www.revers.io/__cypress/runner/cypress_runner.js",
            "line": 122243,
            "column": 20,
            "whitespace": "    "
          },
          {
            "function": "tryCatcher",
            "fileUrl": "https://www.revers.io/__cypress/runner/cypress_runner.js",
            "originalFile": "https://www.revers.io/__cypress/runner/cypress_runner.js",
            "line": 1777,
            "column": 23,
            "whitespace": "    "
          },
          {
            "function": "Promise.attempt.Promise.try",
            "fileUrl": "https://www.revers.io/__cypress/runner/cypress_runner.js",
            "originalFile": "https://www.revers.io/__cypress/runner/cypress_runner.js",
            "line": 4285,
            "column": 29,
            "whitespace": "    "
          },
          {
            "function": "Context.thenFn",
            "fileUrl": "https://www.revers.io/__cypress/runner/cypress_runner.js",
            "originalFile": "https://www.revers.io/__cypress/runner/cypress_runner.js",
            "line": 122254,
            "column": 66,
            "whitespace": "    "
          },
          {
            "function": "Context.then",
            "fileUrl": "https://www.revers.io/__cypress/runner/cypress_runner.js",
            "originalFile": "https://www.revers.io/__cypress/runner/cypress_runner.js",
            "line": 122505,
            "column": 21,
            "whitespace": "    "
          }
        ],
        "actual": "405",
        "expected": "[ 200, 201, 400, 422, 404 ]",
        "showDiff": true,
        "codeFrame": {
          "line": 41,
          "column": 39,
          "originalFile": "cypress/e2e/api.cy.js",
          "relativeFile": "cypress/e2e/api.cy.js",
          "absoluteFile": "/Users/macbook/reversio-cypress-automation/cypress/e2e/api.cy.js",
          "frame": "  39 |     basePage.makeApiRequest('POST', '/api/notifications', notificationData)\n  40 |       .then((response) => {\n> 41 |         expect(response.status).to.be.oneOf([200, 201, 400, 422, 404])\n     |                                       ^\n  42 |         cy.log('Statut API Notifications: ' + response.status)\n  43 |       })\n  44 |   })",
          "language": "js"
        },
        "estack": "AssertionError: expected 405 to be one of [ 200, 201, 400, 422, 404 ]\n    at Context.eval (webpack://reversio-cypress-automation/./cypress/e2e/api.cy.js:41:38)\n    at getRet (https://www.revers.io/__cypress/runner/cypress_runner.js:122243:20)\n    at tryCatcher (https://www.revers.io/__cypress/runner/cypress_runner.js:1777:23)\n    at Promise.attempt.Promise.try (https://www.revers.io/__cypress/runner/cypress_runner.js:4285:29)\n    at Context.thenFn (https://www.revers.io/__cypress/runner/cypress_runner.js:122254:66)\n    at Context.then (https://www.revers.io/__cypress/runner/cypress_runner.js:122505:21)",
        "diff": "- 405\n+ [ 200, 201, 400, 422, 404 ]\n"
      },
      "isRoot": false,
      "uuid": "67f5f40e-2822-4706-9490-b5033555ed38",
      "parentUUID": "6601ef3c-f7dc-44b1-847a-45879c8e36b3",
      "skipped": false
    }
  ],
  "copyrightYear": 2025
}