{
  "stats": {
    "suites": 1,
    "tests": 4,
    "passes": 4,
    "pending": 0,
    "failures": 0,
    "start": "2025-10-25T11:44:35.969Z",
    "end": "2025-10-25T11:44:58.259Z",
    "duration": 22290,
    "testsRegistered": 4,
    "passPercent": 100,
    "pendingPercent": 0,
    "other": 0,
    "hasOther": false,
    "skipped": 0,
    "hasSkipped": false,
    "passPercentClass": "success",
    "pendingPercentClass": "danger"
  },
  "suites": {
    "title": "",
    "suites": [
      {
        "title": "Tests de navigation Revers.io",
        "suites": [],
        "tests": [
          {
            "title": "Devrait naviguer vers la page Gestions des retours",
            "fullTitle": "Tests de navigation Revers.io Devrait naviguer vers la page Gestions des retours",
            "duration": 11211,
            "state": "passed",
            "speed": "slow",
            "pass": true,
            "fail": false,
            "pending": false,
            "code": "page.navigateToPlateformeGestionsDesRetours();",
            "err": {},
            "isRoot": false,
            "uuid": "cc85716e-1a6f-473f-b99e-f676f50ed25f",
            "parentUUID": "935d8a41-bae5-4544-b436-831cb9c2aec6",
            "skipped": false
          },
          {
            "title": "Devrait naviguer vers la page Partenaires",
            "fullTitle": "Tests de navigation Revers.io Devrait naviguer vers la page Partenaires",
            "duration": 3543,
            "state": "passed",
            "speed": "fast",
            "pass": true,
            "fail": false,
            "pending": false,
            "code": "page.navigateToPartenairesTechnologiques();",
            "err": {},
            "isRoot": false,
            "uuid": "39802921-0083-4a9a-892f-43fc0c81c7ed",
            "parentUUID": "935d8a41-bae5-4544-b436-831cb9c2aec6",
            "skipped": false
          },
          {
            "title": "Devrait naviguer vers la page À propos",
            "fullTitle": "Tests de navigation Revers.io Devrait naviguer vers la page À propos",
            "duration": 3327,
            "state": "passed",
            "speed": "fast",
            "pass": true,
            "fail": false,
            "pending": false,
            "code": "page.navigateToAProposQuiSommesNous();",
            "err": {},
            "isRoot": false,
            "uuid": "f4b4df4e-04f5-4e96-8a92-01ddee06c913",
            "parentUUID": "935d8a41-bae5-4544-b436-831cb9c2aec6",
            "skipped": false
          },
          {
            "title": "Devrait naviguer vers la page Blog",
            "fullTitle": "Tests de navigation Revers.io Devrait naviguer vers la page Blog",
            "duration": 3399,
            "state": "passed",
            "speed": "fast",
            "pass": true,
            "fail": false,
            "pending": false,
            "code": "page.navigateToRessourcesBlog();",
            "err": {},
            "isRoot": false,
            "uuid": "f9ab61d2-1b30-4598-9796-edd0041882c0",
            "parentUUID": "935d8a41-bae5-4544-b436-831cb9c2aec6",
            "skipped": false
          }
        ],
        "root": false,
        "pending": [],
        "_timeout": 2000,
        "file": "",
        "uuid": "935d8a41-bae5-4544-b436-831cb9c2aec6",
        "fullFile": "",
        "passes": [
          {
            "title": "Devrait naviguer vers la page Gestions des retours",
            "fullTitle": "Tests de navigation Revers.io Devrait naviguer vers la page Gestions des retours",
            "duration": 11211,
            "state": "passed",
            "speed": "slow",
            "pass": true,
            "fail": false,
            "pending": false,
            "code": "page.navigateToPlateformeGestionsDesRetours();",
            "err": {},
            "isRoot": false,
            "uuid": "cc85716e-1a6f-473f-b99e-f676f50ed25f",
            "parentUUID": "935d8a41-bae5-4544-b436-831cb9c2aec6",
            "skipped": false
          },
          {
            "title": "Devrait naviguer vers la page Partenaires",
            "fullTitle": "Tests de navigation Revers.io Devrait naviguer vers la page Partenaires",
            "duration": 3543,
            "state": "passed",
            "speed": "fast",
            "pass": true,
            "fail": false,
            "pending": false,
            "code": "page.navigateToPartenairesTechnologiques();",
            "err": {},
            "isRoot": false,
            "uuid": "39802921-0083-4a9a-892f-43fc0c81c7ed",
            "parentUUID": "935d8a41-bae5-4544-b436-831cb9c2aec6",
            "skipped": false
          },
          {
            "title": "Devrait naviguer vers la page À propos",
            "fullTitle": "Tests de navigation Revers.io Devrait naviguer vers la page À propos",
            "duration": 3327,
            "state": "passed",
            "speed": "fast",
            "pass": true,
            "fail": false,
            "pending": false,
            "code": "page.navigateToAProposQuiSommesNous();",
            "err": {},
            "isRoot": false,
            "uuid": "f4b4df4e-04f5-4e96-8a92-01ddee06c913",
            "parentUUID": "935d8a41-bae5-4544-b436-831cb9c2aec6",
            "skipped": false
          },
          {
            "title": "Devrait naviguer vers la page Blog",
            "fullTitle": "Tests de navigation Revers.io Devrait naviguer vers la page Blog",
            "duration": 3399,
            "state": "passed",
            "speed": "fast",
            "pass": true,
            "fail": false,
            "pending": false,
            "code": "page.navigateToRessourcesBlog();",
            "err": {},
            "isRoot": false,
            "uuid": "f9ab61d2-1b30-4598-9796-edd0041882c0",
            "parentUUID": "935d8a41-bae5-4544-b436-831cb9c2aec6",
            "skipped": false
          }
        ],
        "failures": [],
        "skipped": [],
        "hasTests": true,
        "hasSuites": false,
        "totalTests": 4,
        "totalPasses": 4,
        "totalFailures": 0,
        "totalPending": 0,
        "totalSkipped": 0,
        "hasPasses": true,
        "hasFailures": false,
        "hasPending": false,
        "hasSkipped": false,
        "duration": 21480,
        "rootEmpty": false
      }
    ],
    "tests": [],
    "root": true,
    "pending": [],
    "_timeout": 2000,
    "file": "cypress/e2e/frontend.cy.js",
    "uuid": "d1e5fd7c-7bfb-4a68-b472-31967ec36d1f",
    "fullFile": "cypress/e2e/frontend.cy.js",
    "passes": [],
    "failures": [],
    "skipped": [],
    "hasTests": false,
    "hasSuites": true,
    "totalTests": 0,
    "totalPasses": 0,
    "totalFailures": 0,
    "totalPending": 0,
    "totalSkipped": 0,
    "hasPasses": false,
    "hasFailures": false,
    "hasPending": false,
    "hasSkipped": false,
    "duration": 0,
    "rootEmpty": true
  },
  "allTests": [
    {
      "title": "Devrait naviguer vers la page Gestions des retours",
      "fullTitle": "Tests de navigation Revers.io Devrait naviguer vers la page Gestions des retours",
      "duration": 11211,
      "state": "passed",
      "speed": "slow",
      "pass": true,
      "fail": false,
      "pending": false,
      "code": "page.navigateToPlateformeGestionsDesRetours();",
      "err": {},
      "isRoot": false,
      "uuid": "cc85716e-1a6f-473f-b99e-f676f50ed25f",
      "parentUUID": "935d8a41-bae5-4544-b436-831cb9c2aec6",
      "skipped": false
    },
    {
      "title": "Devrait naviguer vers la page Partenaires",
      "fullTitle": "Tests de navigation Revers.io Devrait naviguer vers la page Partenaires",
      "duration": 3543,
      "state": "passed",
      "speed": "fast",
      "pass": true,
      "fail": false,
      "pending": false,
      "code": "page.navigateToPartenairesTechnologiques();",
      "err": {},
      "isRoot": false,
      "uuid": "39802921-0083-4a9a-892f-43fc0c81c7ed",
      "parentUUID": "935d8a41-bae5-4544-b436-831cb9c2aec6",
      "skipped": false
    },
    {
      "title": "Devrait naviguer vers la page À propos",
      "fullTitle": "Tests de navigation Revers.io Devrait naviguer vers la page À propos",
      "duration": 3327,
      "state": "passed",
      "speed": "fast",
      "pass": true,
      "fail": false,
      "pending": false,
      "code": "page.navigateToAProposQuiSommesNous();",
      "err": {},
      "isRoot": false,
      "uuid": "f4b4df4e-04f5-4e96-8a92-01ddee06c913",
      "parentUUID": "935d8a41-bae5-4544-b436-831cb9c2aec6",
      "skipped": false
    },
    {
      "title": "Devrait naviguer vers la page Blog",
      "fullTitle": "Tests de navigation Revers.io Devrait naviguer vers la page Blog",
      "duration": 3399,
      "state": "passed",
      "speed": "fast",
      "pass": true,
      "fail": false,
      "pending": false,
      "code": "page.navigateToRessourcesBlog();",
      "err": {},
      "isRoot": false,
      "uuid": "f9ab61d2-1b30-4598-9796-edd0041882c0",
      "parentUUID": "935d8a41-bae5-4544-b436-831cb9c2aec6",
      "skipped": false
    }
  ],
  "allPending": [],
  "allPasses": [
    {
      "title": "Devrait naviguer vers la page Gestions des retours",
      "fullTitle": "Tests de navigation Revers.io Devrait naviguer vers la page Gestions des retours",
      "duration": 11211,
      "state": "passed",
      "speed": "slow",
      "pass": true,
      "fail": false,
      "pending": false,
      "code": "page.navigateToPlateformeGestionsDesRetours();",
      "err": {},
      "isRoot": false,
      "uuid": "cc85716e-1a6f-473f-b99e-f676f50ed25f",
      "parentUUID": "935d8a41-bae5-4544-b436-831cb9c2aec6",
      "skipped": false
    },
    {
      "title": "Devrait naviguer vers la page Partenaires",
      "fullTitle": "Tests de navigation Revers.io Devrait naviguer vers la page Partenaires",
      "duration": 3543,
      "state": "passed",
      "speed": "fast",
      "pass": true,
      "fail": false,
      "pending": false,
      "code": "page.navigateToPartenairesTechnologiques();",
      "err": {},
      "isRoot": false,
      "uuid": "39802921-0083-4a9a-892f-43fc0c81c7ed",
      "parentUUID": "935d8a41-bae5-4544-b436-831cb9c2aec6",
      "skipped": false
    },
    {
      "title": "Devrait naviguer vers la page À propos",
      "fullTitle": "Tests de navigation Revers.io Devrait naviguer vers la page À propos",
      "duration": 3327,
      "state": "passed",
      "speed": "fast",
      "pass": true,
      "fail": false,
      "pending": false,
      "code": "page.navigateToAProposQuiSommesNous();",
      "err": {},
      "isRoot": false,
      "uuid": "f4b4df4e-04f5-4e96-8a92-01ddee06c913",
      "parentUUID": "935d8a41-bae5-4544-b436-831cb9c2aec6",
      "skipped": false
    },
    {
      "title": "Devrait naviguer vers la page Blog",
      "fullTitle": "Tests de navigation Revers.io Devrait naviguer vers la page Blog",
      "duration": 3399,
      "state": "passed",
      "speed": "fast",
      "pass": true,
      "fail": false,
      "pending": false,
      "code": "page.navigateToRessourcesBlog();",
      "err": {},
      "isRoot": false,
      "uuid": "f9ab61d2-1b30-4598-9796-edd0041882c0",
      "parentUUID": "935d8a41-bae5-4544-b436-831cb9c2aec6",
      "skipped": false
    }
  ],
  "allFailures": [],
  "copyrightYear": 2025
}